[23-Feb-2022 08:36:17 UTC] PHP Notice:  Undefined variable: title in /Users/chenyifan/Documents/homework/MTM6303/inclass-4/app/public/includes/header.php on line 20
[23-Feb-2022 08:36:17 UTC] PHP Stack trace:
[23-Feb-2022 08:36:17 UTC] PHP   1. {main}() /Users/chenyifan/Documents/homework/MTM6303/inclass-4/app/public/index.php:0
[23-Feb-2022 08:36:17 UTC] PHP   2. include() /Users/chenyifan/Documents/homework/MTM6303/inclass-4/app/public/index.php:9
[23-Feb-2022 08:36:17 UTC] PHP Notice:  Undefined variable: current_page in /Users/chenyifan/Documents/homework/MTM6303/inclass-4/app/public/includes/header.php on line 45
[23-Feb-2022 08:36:17 UTC] PHP Stack trace:
[23-Feb-2022 08:36:17 UTC] PHP   1. {main}() /Users/chenyifan/Documents/homework/MTM6303/inclass-4/app/public/index.php:0
[23-Feb-2022 08:36:17 UTC] PHP   2. include() /Users/chenyifan/Documents/homework/MTM6303/inclass-4/app/public/index.php:9
[23-Feb-2022 08:36:17 UTC] PHP Notice:  Undefined variable: current_page in /Users/chenyifan/Documents/homework/MTM6303/inclass-4/app/public/includes/header.php on line 46
[23-Feb-2022 08:36:17 UTC] PHP Stack trace:
[23-Feb-2022 08:36:17 UTC] PHP   1. {main}() /Users/chenyifan/Documents/homework/MTM6303/inclass-4/app/public/index.php:0
[23-Feb-2022 08:36:17 UTC] PHP   2. include() /Users/chenyifan/Documents/homework/MTM6303/inclass-4/app/public/index.php:9
[23-Feb-2022 08:36:17 UTC] PHP Notice:  Undefined variable: title in /Users/chenyifan/Documents/homework/MTM6303/inclass-4/app/public/includes/header.php on line 20
[23-Feb-2022 08:36:17 UTC] PHP Stack trace:
[23-Feb-2022 08:36:17 UTC] PHP   1. {main}() /Users/chenyifan/Documents/homework/MTM6303/inclass-4/app/public/index.php:0
[23-Feb-2022 08:36:17 UTC] PHP   2. include() /Users/chenyifan/Documents/homework/MTM6303/inclass-4/app/public/index.php:9
[23-Feb-2022 08:36:17 UTC] PHP Notice:  Undefined variable: current_page in /Users/chenyifan/Documents/homework/MTM6303/inclass-4/app/public/includes/header.php on line 45
[23-Feb-2022 08:36:17 UTC] PHP Stack trace:
[23-Feb-2022 08:36:17 UTC] PHP   1. {main}() /Users/chenyifan/Documents/homework/MTM6303/inclass-4/app/public/index.php:0
[23-Feb-2022 08:36:17 UTC] PHP   2. include() /Users/chenyifan/Documents/homework/MTM6303/inclass-4/app/public/index.php:9
[23-Feb-2022 08:36:17 UTC] PHP Notice:  Undefined variable: current_page in /Users/chenyifan/Documents/homework/MTM6303/inclass-4/app/public/includes/header.php on line 46
[23-Feb-2022 08:36:17 UTC] PHP Stack trace:
[23-Feb-2022 08:36:17 UTC] PHP   1. {main}() /Users/chenyifan/Documents/homework/MTM6303/inclass-4/app/public/index.php:0
[23-Feb-2022 08:36:17 UTC] PHP   2. include() /Users/chenyifan/Documents/homework/MTM6303/inclass-4/app/public/index.php:9
[23-Feb-2022 08:36:17 UTC] PHP Notice:  Undefined variable: title in /Users/chenyifan/Documents/homework/MTM6303/inclass-4/app/public/includes/header.php on line 20
[23-Feb-2022 08:36:17 UTC] PHP Stack trace:
[23-Feb-2022 08:36:17 UTC] PHP   1. {main}() /Users/chenyifan/Documents/homework/MTM6303/inclass-4/app/public/index.php:0
[23-Feb-2022 08:36:17 UTC] PHP   2. include() /Users/chenyifan/Documents/homework/MTM6303/inclass-4/app/public/index.php:9
[23-Feb-2022 08:36:17 UTC] PHP Notice:  Undefined variable: current_page in /Users/chenyifan/Documents/homework/MTM6303/inclass-4/app/public/includes/header.php on line 45
[23-Feb-2022 08:36:17 UTC] PHP Stack trace:
[23-Feb-2022 08:36:17 UTC] PHP   1. {main}() /Users/chenyifan/Documents/homework/MTM6303/inclass-4/app/public/index.php:0
[23-Feb-2022 08:36:17 UTC] PHP   2. include() /Users/chenyifan/Documents/homework/MTM6303/inclass-4/app/public/index.php:9
[23-Feb-2022 08:36:17 UTC] PHP Notice:  Undefined variable: current_page in /Users/chenyifan/Documents/homework/MTM6303/inclass-4/app/public/includes/header.php on line 46
[23-Feb-2022 08:36:17 UTC] PHP Stack trace:
[23-Feb-2022 08:36:17 UTC] PHP   1. {main}() /Users/chenyifan/Documents/homework/MTM6303/inclass-4/app/public/index.php:0
[23-Feb-2022 08:36:17 UTC] PHP   2. include() /Users/chenyifan/Documents/homework/MTM6303/inclass-4/app/public/index.php:9
[23-Feb-2022 09:44:50 UTC] PHP Parse error:  syntax error, unexpected end of file in /Users/chenyifan/Documents/homework/MTM6303/inclass-4/app/public/pricing.php on line 123
[23-Feb-2022 09:45:00 UTC] PHP Parse error:  syntax error, unexpected end of file in /Users/chenyifan/Documents/homework/MTM6303/inclass-4/app/public/pricing.php on line 122
[23-Feb-2022 09:45:00 UTC] PHP Parse error:  syntax error, unexpected end of file in /Users/chenyifan/Documents/homework/MTM6303/inclass-4/app/public/pricing.php on line 122
[23-Feb-2022 09:45:00 UTC] PHP Parse error:  syntax error, unexpected end of file in /Users/chenyifan/Documents/homework/MTM6303/inclass-4/app/public/pricing.php on line 122
[23-Feb-2022 09:45:22 UTC] PHP Parse error:  syntax error, unexpected end of file in /Users/chenyifan/Documents/homework/MTM6303/inclass-4/app/public/pricing.php on line 122
[23-Feb-2022 09:45:25 UTC] PHP Parse error:  syntax error, unexpected end of file in /Users/chenyifan/Documents/homework/MTM6303/inclass-4/app/public/pricing.php on line 122
[23-Feb-2022 09:45:40 UTC] PHP Parse error:  syntax error, unexpected end of file in /Users/chenyifan/Documents/homework/MTM6303/inclass-4/app/public/pricing.php on line 122
[23-Feb-2022 09:45:41 UTC] PHP Parse error:  syntax error, unexpected end of file in /Users/chenyifan/Documents/homework/MTM6303/inclass-4/app/public/pricing.php on line 122
[23-Feb-2022 09:46:21 UTC] PHP Parse error:  syntax error, unexpected end of file in /Users/chenyifan/Documents/homework/MTM6303/inclass-4/app/public/pricing.php on line 125
[23-Feb-2022 09:46:31 UTC] PHP Parse error:  syntax error, unexpected ';' in /Users/chenyifan/Documents/homework/MTM6303/inclass-4/app/public/pricing.php on line 118
[23-Feb-2022 10:05:00 UTC] PHP Parse error:  syntax error, unexpected '}', expecting end of file in /Users/chenyifan/Documents/homework/MTM6303/inclass-4/app/public/pricing.php on line 114
[23-Feb-2022 10:05:09 UTC] PHP Parse error:  syntax error, unexpected '}', expecting end of file in /Users/chenyifan/Documents/homework/MTM6303/inclass-4/app/public/pricing.php on line 114
[23-Feb-2022 10:05:10 UTC] PHP Parse error:  syntax error, unexpected '}', expecting end of file in /Users/chenyifan/Documents/homework/MTM6303/inclass-4/app/public/pricing.php on line 114
[23-Feb-2022 10:05:10 UTC] PHP Parse error:  syntax error, unexpected '}', expecting end of file in /Users/chenyifan/Documents/homework/MTM6303/inclass-4/app/public/pricing.php on line 114
[23-Feb-2022 10:05:10 UTC] PHP Parse error:  syntax error, unexpected '}', expecting end of file in /Users/chenyifan/Documents/homework/MTM6303/inclass-4/app/public/pricing.php on line 114
[23-Feb-2022 10:05:11 UTC] PHP Parse error:  syntax error, unexpected '}', expecting end of file in /Users/chenyifan/Documents/homework/MTM6303/inclass-4/app/public/pricing.php on line 114
[23-Feb-2022 10:05:11 UTC] PHP Parse error:  syntax error, unexpected '}', expecting end of file in /Users/chenyifan/Documents/homework/MTM6303/inclass-4/app/public/pricing.php on line 114
[23-Feb-2022 10:05:11 UTC] PHP Parse error:  syntax error, unexpected '}', expecting end of file in /Users/chenyifan/Documents/homework/MTM6303/inclass-4/app/public/pricing.php on line 114
[23-Feb-2022 10:05:11 UTC] PHP Parse error:  syntax error, unexpected '}', expecting end of file in /Users/chenyifan/Documents/homework/MTM6303/inclass-4/app/public/pricing.php on line 114
[23-Feb-2022 10:05:11 UTC] PHP Parse error:  syntax error, unexpected '}', expecting end of file in /Users/chenyifan/Documents/homework/MTM6303/inclass-4/app/public/pricing.php on line 114
[23-Feb-2022 10:05:11 UTC] PHP Parse error:  syntax error, unexpected '}', expecting end of file in /Users/chenyifan/Documents/homework/MTM6303/inclass-4/app/public/pricing.php on line 114
[23-Feb-2022 10:05:11 UTC] PHP Parse error:  syntax error, unexpected '}', expecting end of file in /Users/chenyifan/Documents/homework/MTM6303/inclass-4/app/public/pricing.php on line 114
[23-Feb-2022 10:05:12 UTC] PHP Parse error:  syntax error, unexpected '}', expecting end of file in /Users/chenyifan/Documents/homework/MTM6303/inclass-4/app/public/pricing.php on line 114
[23-Feb-2022 10:05:12 UTC] PHP Parse error:  syntax error, unexpected '}', expecting end of file in /Users/chenyifan/Documents/homework/MTM6303/inclass-4/app/public/pricing.php on line 114
[23-Feb-2022 10:05:44 UTC] PHP Parse error:  syntax error, unexpected '}', expecting end of file in /Users/chenyifan/Documents/homework/MTM6303/inclass-4/app/public/pricing.php on line 114
[23-Feb-2022 10:09:59 UTC] PHP Notice:  Undefined variable: card_value in /Users/chenyifan/Documents/homework/MTM6303/inclass-4/app/public/pricing.php on line 69
[23-Feb-2022 10:09:59 UTC] PHP Stack trace:
[23-Feb-2022 10:09:59 UTC] PHP   1. {main}() /Users/chenyifan/Documents/homework/MTM6303/inclass-4/app/public/pricing.php:0
[23-Feb-2022 10:09:59 UTC] PHP Notice:  Trying to access array offset on value of type null in /Users/chenyifan/Documents/homework/MTM6303/inclass-4/app/public/pricing.php on line 69
[23-Feb-2022 10:09:59 UTC] PHP Stack trace:
[23-Feb-2022 10:09:59 UTC] PHP   1. {main}() /Users/chenyifan/Documents/homework/MTM6303/inclass-4/app/public/pricing.php:0
[23-Feb-2022 10:09:59 UTC] PHP Notice:  Undefined variable: card_key in /Users/chenyifan/Documents/homework/MTM6303/inclass-4/app/public/pricing.php on line 69
[23-Feb-2022 10:09:59 UTC] PHP Stack trace:
[23-Feb-2022 10:09:59 UTC] PHP   1. {main}() /Users/chenyifan/Documents/homework/MTM6303/inclass-4/app/public/pricing.php:0
[23-Feb-2022 10:09:59 UTC] PHP Notice:  Undefined variable: card_value in /Users/chenyifan/Documents/homework/MTM6303/inclass-4/app/public/pricing.php on line 70
[23-Feb-2022 10:09:59 UTC] PHP Stack trace:
[23-Feb-2022 10:09:59 UTC] PHP   1. {main}() /Users/chenyifan/Documents/homework/MTM6303/inclass-4/app/public/pricing.php:0
[23-Feb-2022 10:09:59 UTC] PHP Notice:  Trying to access array offset on value of type null in /Users/chenyifan/Documents/homework/MTM6303/inclass-4/app/public/pricing.php on line 70
[23-Feb-2022 10:09:59 UTC] PHP Stack trace:
[23-Feb-2022 10:09:59 UTC] PHP   1. {main}() /Users/chenyifan/Documents/homework/MTM6303/inclass-4/app/public/pricing.php:0
[23-Feb-2022 10:09:59 UTC] PHP Notice:  Undefined variable: price in /Users/chenyifan/Documents/homework/MTM6303/inclass-4/app/public/pricing.php on line 71
[23-Feb-2022 10:09:59 UTC] PHP Stack trace:
[23-Feb-2022 10:09:59 UTC] PHP   1. {main}() /Users/chenyifan/Documents/homework/MTM6303/inclass-4/app/public/pricing.php:0
[23-Feb-2022 10:09:59 UTC] PHP Notice:  Undefined variable: card_value in /Users/chenyifan/Documents/homework/MTM6303/inclass-4/app/public/pricing.php on line 75
[23-Feb-2022 10:09:59 UTC] PHP Stack trace:
[23-Feb-2022 10:09:59 UTC] PHP   1. {main}() /Users/chenyifan/Documents/homework/MTM6303/inclass-4/app/public/pricing.php:0
[23-Feb-2022 10:09:59 UTC] PHP Notice:  Trying to access array offset on value of type null in /Users/chenyifan/Documents/homework/MTM6303/inclass-4/app/public/pricing.php on line 75
[23-Feb-2022 10:09:59 UTC] PHP Stack trace:
[23-Feb-2022 10:09:59 UTC] PHP   1. {main}() /Users/chenyifan/Documents/homework/MTM6303/inclass-4/app/public/pricing.php:0
[23-Feb-2022 10:09:59 UTC] PHP Notice:  Undefined variable: card_value in /Users/chenyifan/Documents/homework/MTM6303/inclass-4/app/public/pricing.php on line 78
[23-Feb-2022 10:09:59 UTC] PHP Stack trace:
[23-Feb-2022 10:09:59 UTC] PHP   1. {main}() /Users/chenyifan/Documents/homework/MTM6303/inclass-4/app/public/pricing.php:0
[23-Feb-2022 10:09:59 UTC] PHP Notice:  Trying to access array offset on value of type null in /Users/chenyifan/Documents/homework/MTM6303/inclass-4/app/public/pricing.php on line 78
[23-Feb-2022 10:09:59 UTC] PHP Stack trace:
[23-Feb-2022 10:09:59 UTC] PHP   1. {main}() /Users/chenyifan/Documents/homework/MTM6303/inclass-4/app/public/pricing.php:0
[23-Feb-2022 10:10:50 UTC] PHP Notice:  Undefined variable: card_value in /Users/chenyifan/Documents/homework/MTM6303/inclass-4/app/public/pricing.php on line 69
[23-Feb-2022 10:10:50 UTC] PHP Stack trace:
[23-Feb-2022 10:10:50 UTC] PHP   1. {main}() /Users/chenyifan/Documents/homework/MTM6303/inclass-4/app/public/pricing.php:0
[23-Feb-2022 10:10:50 UTC] PHP Notice:  Trying to access array offset on value of type null in /Users/chenyifan/Documents/homework/MTM6303/inclass-4/app/public/pricing.php on line 69
[23-Feb-2022 10:10:50 UTC] PHP Stack trace:
[23-Feb-2022 10:10:50 UTC] PHP   1. {main}() /Users/chenyifan/Documents/homework/MTM6303/inclass-4/app/public/pricing.php:0
[23-Feb-2022 10:10:50 UTC] PHP Notice:  Undefined variable: card_key in /Users/chenyifan/Documents/homework/MTM6303/inclass-4/app/public/pricing.php on line 69
[23-Feb-2022 10:10:50 UTC] PHP Stack trace:
[23-Feb-2022 10:10:50 UTC] PHP   1. {main}() /Users/chenyifan/Documents/homework/MTM6303/inclass-4/app/public/pricing.php:0
[23-Feb-2022 10:10:50 UTC] PHP Notice:  Undefined variable: card_value in /Users/chenyifan/Documents/homework/MTM6303/inclass-4/app/public/pricing.php on line 70
[23-Feb-2022 10:10:50 UTC] PHP Stack trace:
[23-Feb-2022 10:10:50 UTC] PHP   1. {main}() /Users/chenyifan/Documents/homework/MTM6303/inclass-4/app/public/pricing.php:0
[23-Feb-2022 10:10:50 UTC] PHP Notice:  Trying to access array offset on value of type null in /Users/chenyifan/Documents/homework/MTM6303/inclass-4/app/public/pricing.php on line 70
[23-Feb-2022 10:10:50 UTC] PHP Stack trace:
[23-Feb-2022 10:10:50 UTC] PHP   1. {main}() /Users/chenyifan/Documents/homework/MTM6303/inclass-4/app/public/pricing.php:0
[23-Feb-2022 10:10:50 UTC] PHP Notice:  Undefined variable: price in /Users/chenyifan/Documents/homework/MTM6303/inclass-4/app/public/pricing.php on line 71
[23-Feb-2022 10:10:50 UTC] PHP Stack trace:
[23-Feb-2022 10:10:50 UTC] PHP   1. {main}() /Users/chenyifan/Documents/homework/MTM6303/inclass-4/app/public/pricing.php:0
[23-Feb-2022 10:10:50 UTC] PHP Notice:  Undefined variable: card_value in /Users/chenyifan/Documents/homework/MTM6303/inclass-4/app/public/pricing.php on line 75
[23-Feb-2022 10:10:50 UTC] PHP Stack trace:
[23-Feb-2022 10:10:50 UTC] PHP   1. {main}() /Users/chenyifan/Documents/homework/MTM6303/inclass-4/app/public/pricing.php:0
[23-Feb-2022 10:10:50 UTC] PHP Notice:  Trying to access array offset on value of type null in /Users/chenyifan/Documents/homework/MTM6303/inclass-4/app/public/pricing.php on line 75
[23-Feb-2022 10:10:50 UTC] PHP Stack trace:
[23-Feb-2022 10:10:50 UTC] PHP   1. {main}() /Users/chenyifan/Documents/homework/MTM6303/inclass-4/app/public/pricing.php:0
[23-Feb-2022 10:10:50 UTC] PHP Notice:  Undefined variable: card_value in /Users/chenyifan/Documents/homework/MTM6303/inclass-4/app/public/pricing.php on line 78
[23-Feb-2022 10:10:50 UTC] PHP Stack trace:
[23-Feb-2022 10:10:50 UTC] PHP   1. {main}() /Users/chenyifan/Documents/homework/MTM6303/inclass-4/app/public/pricing.php:0
[23-Feb-2022 10:10:50 UTC] PHP Notice:  Trying to access array offset on value of type null in /Users/chenyifan/Documents/homework/MTM6303/inclass-4/app/public/pricing.php on line 78
[23-Feb-2022 10:10:50 UTC] PHP Stack trace:
[23-Feb-2022 10:10:50 UTC] PHP   1. {main}() /Users/chenyifan/Documents/homework/MTM6303/inclass-4/app/public/pricing.php:0
[23-Feb-2022 10:10:50 UTC] PHP Notice:  Undefined variable: card_value in /Users/chenyifan/Documents/homework/MTM6303/inclass-4/app/public/pricing.php on line 83
[23-Feb-2022 10:10:50 UTC] PHP Stack trace:
[23-Feb-2022 10:10:50 UTC] PHP   1. {main}() /Users/chenyifan/Documents/homework/MTM6303/inclass-4/app/public/pricing.php:0
[23-Feb-2022 10:10:50 UTC] PHP Notice:  Trying to access array offset on value of type null in /Users/chenyifan/Documents/homework/MTM6303/inclass-4/app/public/pricing.php on line 83
[23-Feb-2022 10:10:50 UTC] PHP Stack trace:
[23-Feb-2022 10:10:50 UTC] PHP   1. {main}() /Users/chenyifan/Documents/homework/MTM6303/inclass-4/app/public/pricing.php:0
[23-Feb-2022 10:10:50 UTC] PHP Notice:  Undefined variable: card_key in /Users/chenyifan/Documents/homework/MTM6303/inclass-4/app/public/pricing.php on line 83
[23-Feb-2022 10:10:50 UTC] PHP Stack trace:
[23-Feb-2022 10:10:50 UTC] PHP   1. {main}() /Users/chenyifan/Documents/homework/MTM6303/inclass-4/app/public/pricing.php:0
[23-Feb-2022 10:10:50 UTC] PHP Notice:  Undefined variable: card_value in /Users/chenyifan/Documents/homework/MTM6303/inclass-4/app/public/pricing.php on line 84
[23-Feb-2022 10:10:50 UTC] PHP Stack trace:
[23-Feb-2022 10:10:50 UTC] PHP   1. {main}() /Users/chenyifan/Documents/homework/MTM6303/inclass-4/app/public/pricing.php:0
[23-Feb-2022 10:10:50 UTC] PHP Notice:  Trying to access array offset on value of type null in /Users/chenyifan/Documents/homework/MTM6303/inclass-4/app/public/pricing.php on line 84
[23-Feb-2022 10:10:50 UTC] PHP Stack trace:
[23-Feb-2022 10:10:50 UTC] PHP   1. {main}() /Users/chenyifan/Documents/homework/MTM6303/inclass-4/app/public/pricing.php:0
[23-Feb-2022 10:10:50 UTC] PHP Notice:  Undefined variable: price in /Users/chenyifan/Documents/homework/MTM6303/inclass-4/app/public/pricing.php on line 85
[23-Feb-2022 10:10:50 UTC] PHP Stack trace:
[23-Feb-2022 10:10:50 UTC] PHP   1. {main}() /Users/chenyifan/Documents/homework/MTM6303/inclass-4/app/public/pricing.php:0
[23-Feb-2022 10:10:50 UTC] PHP Notice:  Undefined variable: card_value in /Users/chenyifan/Documents/homework/MTM6303/inclass-4/app/public/pricing.php on line 89
[23-Feb-2022 10:10:50 UTC] PHP Stack trace:
[23-Feb-2022 10:10:50 UTC] PHP   1. {main}() /Users/chenyifan/Documents/homework/MTM6303/inclass-4/app/public/pricing.php:0
[23-Feb-2022 10:10:50 UTC] PHP Notice:  Trying to access array offset on value of type null in /Users/chenyifan/Documents/homework/MTM6303/inclass-4/app/public/pricing.php on line 89
[23-Feb-2022 10:10:50 UTC] PHP Stack trace:
[23-Feb-2022 10:10:50 UTC] PHP   1. {main}() /Users/chenyifan/Documents/homework/MTM6303/inclass-4/app/public/pricing.php:0
[23-Feb-2022 10:10:50 UTC] PHP Notice:  Undefined variable: card_value in /Users/chenyifan/Documents/homework/MTM6303/inclass-4/app/public/pricing.php on line 92
[23-Feb-2022 10:10:50 UTC] PHP Stack trace:
[23-Feb-2022 10:10:50 UTC] PHP   1. {main}() /Users/chenyifan/Documents/homework/MTM6303/inclass-4/app/public/pricing.php:0
[23-Feb-2022 10:10:50 UTC] PHP Notice:  Trying to access array offset on value of type null in /Users/chenyifan/Documents/homework/MTM6303/inclass-4/app/public/pricing.php on line 92
[23-Feb-2022 10:10:50 UTC] PHP Stack trace:
[23-Feb-2022 10:10:50 UTC] PHP   1. {main}() /Users/chenyifan/Documents/homework/MTM6303/inclass-4/app/public/pricing.php:0
[23-Feb-2022 10:10:50 UTC] PHP Notice:  Undefined variable: card_value in /Users/chenyifan/Documents/homework/MTM6303/inclass-4/app/public/pricing.php on line 95
[23-Feb-2022 10:10:50 UTC] PHP Stack trace:
[23-Feb-2022 10:10:50 UTC] PHP   1. {main}() /Users/chenyifan/Documents/homework/MTM6303/inclass-4/app/public/pricing.php:0
[23-Feb-2022 10:10:50 UTC] PHP Notice:  Trying to access array offset on value of type null in /Users/chenyifan/Documents/homework/MTM6303/inclass-4/app/public/pricing.php on line 95
[23-Feb-2022 10:10:50 UTC] PHP Stack trace:
[23-Feb-2022 10:10:50 UTC] PHP   1. {main}() /Users/chenyifan/Documents/homework/MTM6303/inclass-4/app/public/pricing.php:0
[23-Feb-2022 10:10:50 UTC] PHP Notice:  Undefined variable: card_key in /Users/chenyifan/Documents/homework/MTM6303/inclass-4/app/public/pricing.php on line 95
[23-Feb-2022 10:10:50 UTC] PHP Stack trace:
[23-Feb-2022 10:10:50 UTC] PHP   1. {main}() /Users/chenyifan/Documents/homework/MTM6303/inclass-4/app/public/pricing.php:0
[23-Feb-2022 10:10:50 UTC] PHP Notice:  Undefined variable: card_value in /Users/chenyifan/Documents/homework/MTM6303/inclass-4/app/public/pricing.php on line 96
[23-Feb-2022 10:10:50 UTC] PHP Stack trace:
[23-Feb-2022 10:10:50 UTC] PHP   1. {main}() /Users/chenyifan/Documents/homework/MTM6303/inclass-4/app/public/pricing.php:0
[23-Feb-2022 10:10:50 UTC] PHP Notice:  Trying to access array offset on value of type null in /Users/chenyifan/Documents/homework/MTM6303/inclass-4/app/public/pricing.php on line 96
[23-Feb-2022 10:10:50 UTC] PHP Stack trace:
[23-Feb-2022 10:10:50 UTC] PHP   1. {main}() /Users/chenyifan/Documents/homework/MTM6303/inclass-4/app/public/pricing.php:0
[23-Feb-2022 10:10:50 UTC] PHP Notice:  Undefined variable: price in /Users/chenyifan/Documents/homework/MTM6303/inclass-4/app/public/pricing.php on line 97
[23-Feb-2022 10:10:50 UTC] PHP Stack trace:
[23-Feb-2022 10:10:50 UTC] PHP   1. {main}() /Users/chenyifan/Documents/homework/MTM6303/inclass-4/app/public/pricing.php:0
[23-Feb-2022 10:10:50 UTC] PHP Notice:  Undefined variable: card_value in /Users/chenyifan/Documents/homework/MTM6303/inclass-4/app/public/pricing.php on line 101
[23-Feb-2022 10:10:50 UTC] PHP Stack trace:
[23-Feb-2022 10:10:50 UTC] PHP   1. {main}() /Users/chenyifan/Documents/homework/MTM6303/inclass-4/app/public/pricing.php:0
[23-Feb-2022 10:10:50 UTC] PHP Notice:  Trying to access array offset on value of type null in /Users/chenyifan/Documents/homework/MTM6303/inclass-4/app/public/pricing.php on line 101
[23-Feb-2022 10:10:50 UTC] PHP Stack trace:
[23-Feb-2022 10:10:50 UTC] PHP   1. {main}() /Users/chenyifan/Documents/homework/MTM6303/inclass-4/app/public/pricing.php:0
[23-Feb-2022 10:10:50 UTC] PHP Notice:  Undefined variable: card_value in /Users/chenyifan/Documents/homework/MTM6303/inclass-4/app/public/pricing.php on line 104
[23-Feb-2022 10:10:50 UTC] PHP Stack trace:
[23-Feb-2022 10:10:50 UTC] PHP   1. {main}() /Users/chenyifan/Documents/homework/MTM6303/inclass-4/app/public/pricing.php:0
[23-Feb-2022 10:10:50 UTC] PHP Notice:  Trying to access array offset on value of type null in /Users/chenyifan/Documents/homework/MTM6303/inclass-4/app/public/pricing.php on line 104
[23-Feb-2022 10:10:50 UTC] PHP Stack trace:
[23-Feb-2022 10:10:50 UTC] PHP   1. {main}() /Users/chenyifan/Documents/homework/MTM6303/inclass-4/app/public/pricing.php:0
[23-Feb-2022 10:11:21 UTC] PHP Notice:  Undefined variable: card_value in /Users/chenyifan/Documents/homework/MTM6303/inclass-4/app/public/pricing.php on line 69
[23-Feb-2022 10:11:21 UTC] PHP Stack trace:
[23-Feb-2022 10:11:21 UTC] PHP   1. {main}() /Users/chenyifan/Documents/homework/MTM6303/inclass-4/app/public/pricing.php:0
[23-Feb-2022 10:11:21 UTC] PHP Notice:  Trying to access array offset on value of type null in /Users/chenyifan/Documents/homework/MTM6303/inclass-4/app/public/pricing.php on line 69
[23-Feb-2022 10:11:21 UTC] PHP Stack trace:
[23-Feb-2022 10:11:21 UTC] PHP   1. {main}() /Users/chenyifan/Documents/homework/MTM6303/inclass-4/app/public/pricing.php:0
[23-Feb-2022 10:11:21 UTC] PHP Notice:  Undefined variable: card_key in /Users/chenyifan/Documents/homework/MTM6303/inclass-4/app/public/pricing.php on line 69
[23-Feb-2022 10:11:21 UTC] PHP Stack trace:
[23-Feb-2022 10:11:21 UTC] PHP   1. {main}() /Users/chenyifan/Documents/homework/MTM6303/inclass-4/app/public/pricing.php:0
[23-Feb-2022 10:11:21 UTC] PHP Notice:  Undefined variable: card_value in /Users/chenyifan/Documents/homework/MTM6303/inclass-4/app/public/pricing.php on line 70
[23-Feb-2022 10:11:21 UTC] PHP Stack trace:
[23-Feb-2022 10:11:21 UTC] PHP   1. {main}() /Users/chenyifan/Documents/homework/MTM6303/inclass-4/app/public/pricing.php:0
[23-Feb-2022 10:11:21 UTC] PHP Notice:  Trying to access array offset on value of type null in /Users/chenyifan/Documents/homework/MTM6303/inclass-4/app/public/pricing.php on line 70
[23-Feb-2022 10:11:21 UTC] PHP Stack trace:
[23-Feb-2022 10:11:21 UTC] PHP   1. {main}() /Users/chenyifan/Documents/homework/MTM6303/inclass-4/app/public/pricing.php:0
[23-Feb-2022 10:11:21 UTC] PHP Notice:  Undefined variable: price in /Users/chenyifan/Documents/homework/MTM6303/inclass-4/app/public/pricing.php on line 71
[23-Feb-2022 10:11:21 UTC] PHP Stack trace:
[23-Feb-2022 10:11:21 UTC] PHP   1. {main}() /Users/chenyifan/Documents/homework/MTM6303/inclass-4/app/public/pricing.php:0
[23-Feb-2022 10:11:21 UTC] PHP Notice:  Undefined variable: card_value in /Users/chenyifan/Documents/homework/MTM6303/inclass-4/app/public/pricing.php on line 75
[23-Feb-2022 10:11:21 UTC] PHP Stack trace:
[23-Feb-2022 10:11:21 UTC] PHP   1. {main}() /Users/chenyifan/Documents/homework/MTM6303/inclass-4/app/public/pricing.php:0
[23-Feb-2022 10:11:21 UTC] PHP Notice:  Trying to access array offset on value of type null in /Users/chenyifan/Documents/homework/MTM6303/inclass-4/app/public/pricing.php on line 75
[23-Feb-2022 10:11:21 UTC] PHP Stack trace:
[23-Feb-2022 10:11:21 UTC] PHP   1. {main}() /Users/chenyifan/Documents/homework/MTM6303/inclass-4/app/public/pricing.php:0
[23-Feb-2022 10:11:21 UTC] PHP Notice:  Undefined variable: card_value in /Users/chenyifan/Documents/homework/MTM6303/inclass-4/app/public/pricing.php on line 78
[23-Feb-2022 10:11:21 UTC] PHP Stack trace:
[23-Feb-2022 10:11:21 UTC] PHP   1. {main}() /Users/chenyifan/Documents/homework/MTM6303/inclass-4/app/public/pricing.php:0
[23-Feb-2022 10:11:21 UTC] PHP Notice:  Trying to access array offset on value of type null in /Users/chenyifan/Documents/homework/MTM6303/inclass-4/app/public/pricing.php on line 78
[23-Feb-2022 10:11:21 UTC] PHP Stack trace:
[23-Feb-2022 10:11:21 UTC] PHP   1. {main}() /Users/chenyifan/Documents/homework/MTM6303/inclass-4/app/public/pricing.php:0
[23-Feb-2022 10:11:21 UTC] PHP Notice:  Undefined variable: card_value in /Users/chenyifan/Documents/homework/MTM6303/inclass-4/app/public/pricing.php on line 83
[23-Feb-2022 10:11:21 UTC] PHP Stack trace:
[23-Feb-2022 10:11:21 UTC] PHP   1. {main}() /Users/chenyifan/Documents/homework/MTM6303/inclass-4/app/public/pricing.php:0
[23-Feb-2022 10:11:21 UTC] PHP Notice:  Trying to access array offset on value of type null in /Users/chenyifan/Documents/homework/MTM6303/inclass-4/app/public/pricing.php on line 83
[23-Feb-2022 10:11:21 UTC] PHP Stack trace:
[23-Feb-2022 10:11:21 UTC] PHP   1. {main}() /Users/chenyifan/Documents/homework/MTM6303/inclass-4/app/public/pricing.php:0
[23-Feb-2022 10:11:21 UTC] PHP Notice:  Undefined variable: card_key in /Users/chenyifan/Documents/homework/MTM6303/inclass-4/app/public/pricing.php on line 83
[23-Feb-2022 10:11:21 UTC] PHP Stack trace:
[23-Feb-2022 10:11:21 UTC] PHP   1. {main}() /Users/chenyifan/Documents/homework/MTM6303/inclass-4/app/public/pricing.php:0
[23-Feb-2022 10:11:21 UTC] PHP Notice:  Undefined variable: card_value in /Users/chenyifan/Documents/homework/MTM6303/inclass-4/app/public/pricing.php on line 84
[23-Feb-2022 10:11:21 UTC] PHP Stack trace:
[23-Feb-2022 10:11:21 UTC] PHP   1. {main}() /Users/chenyifan/Documents/homework/MTM6303/inclass-4/app/public/pricing.php:0
[23-Feb-2022 10:11:21 UTC] PHP Notice:  Trying to access array offset on value of type null in /Users/chenyifan/Documents/homework/MTM6303/inclass-4/app/public/pricing.php on line 84
[23-Feb-2022 10:11:21 UTC] PHP Stack trace:
[23-Feb-2022 10:11:21 UTC] PHP   1. {main}() /Users/chenyifan/Documents/homework/MTM6303/inclass-4/app/public/pricing.php:0
[23-Feb-2022 10:11:21 UTC] PHP Notice:  Undefined variable: price in /Users/chenyifan/Documents/homework/MTM6303/inclass-4/app/public/pricing.php on line 85
[23-Feb-2022 10:11:21 UTC] PHP Stack trace:
[23-Feb-2022 10:11:21 UTC] PHP   1. {main}() /Users/chenyifan/Documents/homework/MTM6303/inclass-4/app/public/pricing.php:0
[23-Feb-2022 10:11:21 UTC] PHP Notice:  Undefined variable: card_value in /Users/chenyifan/Documents/homework/MTM6303/inclass-4/app/public/pricing.php on line 89
[23-Feb-2022 10:11:21 UTC] PHP Stack trace:
[23-Feb-2022 10:11:21 UTC] PHP   1. {main}() /Users/chenyifan/Documents/homework/MTM6303/inclass-4/app/public/pricing.php:0
[23-Feb-2022 10:11:21 UTC] PHP Notice:  Trying to access array offset on value of type null in /Users/chenyifan/Documents/homework/MTM6303/inclass-4/app/public/pricing.php on line 89
[23-Feb-2022 10:11:21 UTC] PHP Stack trace:
[23-Feb-2022 10:11:21 UTC] PHP   1. {main}() /Users/chenyifan/Documents/homework/MTM6303/inclass-4/app/public/pricing.php:0
[23-Feb-2022 10:11:21 UTC] PHP Notice:  Undefined variable: card_value in /Users/chenyifan/Documents/homework/MTM6303/inclass-4/app/public/pricing.php on line 92
[23-Feb-2022 10:11:21 UTC] PHP Stack trace:
[23-Feb-2022 10:11:21 UTC] PHP   1. {main}() /Users/chenyifan/Documents/homework/MTM6303/inclass-4/app/public/pricing.php:0
[23-Feb-2022 10:11:21 UTC] PHP Notice:  Trying to access array offset on value of type null in /Users/chenyifan/Documents/homework/MTM6303/inclass-4/app/public/pricing.php on line 92
[23-Feb-2022 10:11:21 UTC] PHP Stack trace:
[23-Feb-2022 10:11:21 UTC] PHP   1. {main}() /Users/chenyifan/Documents/homework/MTM6303/inclass-4/app/public/pricing.php:0
[23-Feb-2022 10:11:21 UTC] PHP Notice:  Undefined variable: card_value in /Users/chenyifan/Documents/homework/MTM6303/inclass-4/app/public/pricing.php on line 96
[23-Feb-2022 10:11:21 UTC] PHP Stack trace:
[23-Feb-2022 10:11:21 UTC] PHP   1. {main}() /Users/chenyifan/Documents/homework/MTM6303/inclass-4/app/public/pricing.php:0
[23-Feb-2022 10:11:21 UTC] PHP Notice:  Trying to access array offset on value of type null in /Users/chenyifan/Documents/homework/MTM6303/inclass-4/app/public/pricing.php on line 96
[23-Feb-2022 10:11:21 UTC] PHP Stack trace:
[23-Feb-2022 10:11:21 UTC] PHP   1. {main}() /Users/chenyifan/Documents/homework/MTM6303/inclass-4/app/public/pricing.php:0
[23-Feb-2022 10:11:21 UTC] PHP Notice:  Undefined variable: card_key in /Users/chenyifan/Documents/homework/MTM6303/inclass-4/app/public/pricing.php on line 96
[23-Feb-2022 10:11:21 UTC] PHP Stack trace:
[23-Feb-2022 10:11:21 UTC] PHP   1. {main}() /Users/chenyifan/Documents/homework/MTM6303/inclass-4/app/public/pricing.php:0
[23-Feb-2022 10:11:21 UTC] PHP Notice:  Undefined variable: card_value in /Users/chenyifan/Documents/homework/MTM6303/inclass-4/app/public/pricing.php on line 97
[23-Feb-2022 10:11:21 UTC] PHP Stack trace:
[23-Feb-2022 10:11:21 UTC] PHP   1. {main}() /Users/chenyifan/Documents/homework/MTM6303/inclass-4/app/public/pricing.php:0
[23-Feb-2022 10:11:21 UTC] PHP Notice:  Trying to access array offset on value of type null in /Users/chenyifan/Documents/homework/MTM6303/inclass-4/app/public/pricing.php on line 97
[23-Feb-2022 10:11:21 UTC] PHP Stack trace:
[23-Feb-2022 10:11:21 UTC] PHP   1. {main}() /Users/chenyifan/Documents/homework/MTM6303/inclass-4/app/public/pricing.php:0
[23-Feb-2022 10:11:21 UTC] PHP Notice:  Undefined variable: price in /Users/chenyifan/Documents/homework/MTM6303/inclass-4/app/public/pricing.php on line 98
[23-Feb-2022 10:11:21 UTC] PHP Stack trace:
[23-Feb-2022 10:11:21 UTC] PHP   1. {main}() /Users/chenyifan/Documents/homework/MTM6303/inclass-4/app/public/pricing.php:0
[23-Feb-2022 10:11:21 UTC] PHP Notice:  Undefined variable: card_value in /Users/chenyifan/Documents/homework/MTM6303/inclass-4/app/public/pricing.php on line 102
[23-Feb-2022 10:11:21 UTC] PHP Stack trace:
[23-Feb-2022 10:11:21 UTC] PHP   1. {main}() /Users/chenyifan/Documents/homework/MTM6303/inclass-4/app/public/pricing.php:0
[23-Feb-2022 10:11:21 UTC] PHP Notice:  Trying to access array offset on value of type null in /Users/chenyifan/Documents/homework/MTM6303/inclass-4/app/public/pricing.php on line 102
[23-Feb-2022 10:11:21 UTC] PHP Stack trace:
[23-Feb-2022 10:11:21 UTC] PHP   1. {main}() /Users/chenyifan/Documents/homework/MTM6303/inclass-4/app/public/pricing.php:0
[23-Feb-2022 10:11:21 UTC] PHP Notice:  Undefined variable: card_value in /Users/chenyifan/Documents/homework/MTM6303/inclass-4/app/public/pricing.php on line 105
[23-Feb-2022 10:11:21 UTC] PHP Stack trace:
[23-Feb-2022 10:11:21 UTC] PHP   1. {main}() /Users/chenyifan/Documents/homework/MTM6303/inclass-4/app/public/pricing.php:0
[23-Feb-2022 10:11:21 UTC] PHP Notice:  Trying to access array offset on value of type null in /Users/chenyifan/Documents/homework/MTM6303/inclass-4/app/public/pricing.php on line 105
[23-Feb-2022 10:11:21 UTC] PHP Stack trace:
[23-Feb-2022 10:11:21 UTC] PHP   1. {main}() /Users/chenyifan/Documents/homework/MTM6303/inclass-4/app/public/pricing.php:0
[23-Feb-2022 10:11:21 UTC] PHP Notice:  Undefined variable: card_value in /Users/chenyifan/Documents/homework/MTM6303/inclass-4/app/public/pricing.php on line 69
[23-Feb-2022 10:11:21 UTC] PHP Stack trace:
[23-Feb-2022 10:11:21 UTC] PHP   1. {main}() /Users/chenyifan/Documents/homework/MTM6303/inclass-4/app/public/pricing.php:0
[23-Feb-2022 10:11:21 UTC] PHP Notice:  Trying to access array offset on value of type null in /Users/chenyifan/Documents/homework/MTM6303/inclass-4/app/public/pricing.php on line 69
[23-Feb-2022 10:11:21 UTC] PHP Stack trace:
[23-Feb-2022 10:11:21 UTC] PHP   1. {main}() /Users/chenyifan/Documents/homework/MTM6303/inclass-4/app/public/pricing.php:0
[23-Feb-2022 10:11:21 UTC] PHP Notice:  Undefined variable: card_key in /Users/chenyifan/Documents/homework/MTM6303/inclass-4/app/public/pricing.php on line 69
[23-Feb-2022 10:11:21 UTC] PHP Stack trace:
[23-Feb-2022 10:11:21 UTC] PHP   1. {main}() /Users/chenyifan/Documents/homework/MTM6303/inclass-4/app/public/pricing.php:0
[23-Feb-2022 10:11:21 UTC] PHP Notice:  Undefined variable: card_value in /Users/chenyifan/Documents/homework/MTM6303/inclass-4/app/public/pricing.php on line 70
[23-Feb-2022 10:11:21 UTC] PHP Stack trace:
[23-Feb-2022 10:11:21 UTC] PHP   1. {main}() /Users/chenyifan/Documents/homework/MTM6303/inclass-4/app/public/pricing.php:0
[23-Feb-2022 10:11:21 UTC] PHP Notice:  Trying to access array offset on value of type null in /Users/chenyifan/Documents/homework/MTM6303/inclass-4/app/public/pricing.php on line 70
[23-Feb-2022 10:11:21 UTC] PHP Stack trace:
[23-Feb-2022 10:11:21 UTC] PHP   1. {main}() /Users/chenyifan/Documents/homework/MTM6303/inclass-4/app/public/pricing.php:0
[23-Feb-2022 10:11:21 UTC] PHP Notice:  Undefined variable: price in /Users/chenyifan/Documents/homework/MTM6303/inclass-4/app/public/pricing.php on line 71
[23-Feb-2022 10:11:21 UTC] PHP Stack trace:
[23-Feb-2022 10:11:21 UTC] PHP   1. {main}() /Users/chenyifan/Documents/homework/MTM6303/inclass-4/app/public/pricing.php:0
[23-Feb-2022 10:11:21 UTC] PHP Notice:  Undefined variable: card_value in /Users/chenyifan/Documents/homework/MTM6303/inclass-4/app/public/pricing.php on line 75
[23-Feb-2022 10:11:21 UTC] PHP Stack trace:
[23-Feb-2022 10:11:21 UTC] PHP   1. {main}() /Users/chenyifan/Documents/homework/MTM6303/inclass-4/app/public/pricing.php:0
[23-Feb-2022 10:11:21 UTC] PHP Notice:  Trying to access array offset on value of type null in /Users/chenyifan/Documents/homework/MTM6303/inclass-4/app/public/pricing.php on line 75
[23-Feb-2022 10:11:21 UTC] PHP Stack trace:
[23-Feb-2022 10:11:21 UTC] PHP   1. {main}() /Users/chenyifan/Documents/homework/MTM6303/inclass-4/app/public/pricing.php:0
[23-Feb-2022 10:11:21 UTC] PHP Notice:  Undefined variable: card_value in /Users/chenyifan/Documents/homework/MTM6303/inclass-4/app/public/pricing.php on line 78
[23-Feb-2022 10:11:21 UTC] PHP Stack trace:
[23-Feb-2022 10:11:21 UTC] PHP   1. {main}() /Users/chenyifan/Documents/homework/MTM6303/inclass-4/app/public/pricing.php:0
[23-Feb-2022 10:11:21 UTC] PHP Notice:  Trying to access array offset on value of type null in /Users/chenyifan/Documents/homework/MTM6303/inclass-4/app/public/pricing.php on line 78
[23-Feb-2022 10:11:21 UTC] PHP Stack trace:
[23-Feb-2022 10:11:21 UTC] PHP   1. {main}() /Users/chenyifan/Documents/homework/MTM6303/inclass-4/app/public/pricing.php:0
[23-Feb-2022 10:11:21 UTC] PHP Notice:  Undefined variable: card_value in /Users/chenyifan/Documents/homework/MTM6303/inclass-4/app/public/pricing.php on line 83
[23-Feb-2022 10:11:21 UTC] PHP Stack trace:
[23-Feb-2022 10:11:21 UTC] PHP   1. {main}() /Users/chenyifan/Documents/homework/MTM6303/inclass-4/app/public/pricing.php:0
[23-Feb-2022 10:11:21 UTC] PHP Notice:  Trying to access array offset on value of type null in /Users/chenyifan/Documents/homework/MTM6303/inclass-4/app/public/pricing.php on line 83
[23-Feb-2022 10:11:21 UTC] PHP Stack trace:
[23-Feb-2022 10:11:21 UTC] PHP   1. {main}() /Users/chenyifan/Documents/homework/MTM6303/inclass-4/app/public/pricing.php:0
[23-Feb-2022 10:11:21 UTC] PHP Notice:  Undefined variable: card_key in /Users/chenyifan/Documents/homework/MTM6303/inclass-4/app/public/pricing.php on line 83
[23-Feb-2022 10:11:21 UTC] PHP Stack trace:
[23-Feb-2022 10:11:21 UTC] PHP   1. {main}() /Users/chenyifan/Documents/homework/MTM6303/inclass-4/app/public/pricing.php:0
[23-Feb-2022 10:11:21 UTC] PHP Notice:  Undefined variable: card_value in /Users/chenyifan/Documents/homework/MTM6303/inclass-4/app/public/pricing.php on line 84
[23-Feb-2022 10:11:21 UTC] PHP Stack trace:
[23-Feb-2022 10:11:21 UTC] PHP   1. {main}() /Users/chenyifan/Documents/homework/MTM6303/inclass-4/app/public/pricing.php:0
[23-Feb-2022 10:11:21 UTC] PHP Notice:  Trying to access array offset on value of type null in /Users/chenyifan/Documents/homework/MTM6303/inclass-4/app/public/pricing.php on line 84
[23-Feb-2022 10:11:21 UTC] PHP Stack trace:
[23-Feb-2022 10:11:21 UTC] PHP   1. {main}() /Users/chenyifan/Documents/homework/MTM6303/inclass-4/app/public/pricing.php:0
[23-Feb-2022 10:11:21 UTC] PHP Notice:  Undefined variable: price in /Users/chenyifan/Documents/homework/MTM6303/inclass-4/app/public/pricing.php on line 85
[23-Feb-2022 10:11:21 UTC] PHP Stack trace:
[23-Feb-2022 10:11:21 UTC] PHP   1. {main}() /Users/chenyifan/Documents/homework/MTM6303/inclass-4/app/public/pricing.php:0
[23-Feb-2022 10:11:21 UTC] PHP Notice:  Undefined variable: card_value in /Users/chenyifan/Documents/homework/MTM6303/inclass-4/app/public/pricing.php on line 89
[23-Feb-2022 10:11:21 UTC] PHP Stack trace:
[23-Feb-2022 10:11:21 UTC] PHP   1. {main}() /Users/chenyifan/Documents/homework/MTM6303/inclass-4/app/public/pricing.php:0
[23-Feb-2022 10:11:21 UTC] PHP Notice:  Trying to access array offset on value of type null in /Users/chenyifan/Documents/homework/MTM6303/inclass-4/app/public/pricing.php on line 89
[23-Feb-2022 10:11:21 UTC] PHP Stack trace:
[23-Feb-2022 10:11:21 UTC] PHP   1. {main}() /Users/chenyifan/Documents/homework/MTM6303/inclass-4/app/public/pricing.php:0
[23-Feb-2022 10:11:21 UTC] PHP Notice:  Undefined variable: card_value in /Users/chenyifan/Documents/homework/MTM6303/inclass-4/app/public/pricing.php on line 92
[23-Feb-2022 10:11:21 UTC] PHP Stack trace:
[23-Feb-2022 10:11:21 UTC] PHP   1. {main}() /Users/chenyifan/Documents/homework/MTM6303/inclass-4/app/public/pricing.php:0
[23-Feb-2022 10:11:21 UTC] PHP Notice:  Trying to access array offset on value of type null in /Users/chenyifan/Documents/homework/MTM6303/inclass-4/app/public/pricing.php on line 92
[23-Feb-2022 10:11:21 UTC] PHP Stack trace:
[23-Feb-2022 10:11:21 UTC] PHP   1. {main}() /Users/chenyifan/Documents/homework/MTM6303/inclass-4/app/public/pricing.php:0
[23-Feb-2022 10:11:21 UTC] PHP Notice:  Undefined variable: card_value in /Users/chenyifan/Documents/homework/MTM6303/inclass-4/app/public/pricing.php on line 96
[23-Feb-2022 10:11:21 UTC] PHP Stack trace:
[23-Feb-2022 10:11:21 UTC] PHP   1. {main}() /Users/chenyifan/Documents/homework/MTM6303/inclass-4/app/public/pricing.php:0
[23-Feb-2022 10:11:21 UTC] PHP Notice:  Trying to access array offset on value of type null in /Users/chenyifan/Documents/homework/MTM6303/inclass-4/app/public/pricing.php on line 96
[23-Feb-2022 10:11:21 UTC] PHP Stack trace:
[23-Feb-2022 10:11:21 UTC] PHP   1. {main}() /Users/chenyifan/Documents/homework/MTM6303/inclass-4/app/public/pricing.php:0
[23-Feb-2022 10:11:21 UTC] PHP Notice:  Undefined variable: card_key in /Users/chenyifan/Documents/homework/MTM6303/inclass-4/app/public/pricing.php on line 96
[23-Feb-2022 10:11:21 UTC] PHP Stack trace:
[23-Feb-2022 10:11:21 UTC] PHP   1. {main}() /Users/chenyifan/Documents/homework/MTM6303/inclass-4/app/public/pricing.php:0
[23-Feb-2022 10:11:21 UTC] PHP Notice:  Undefined variable: card_value in /Users/chenyifan/Documents/homework/MTM6303/inclass-4/app/public/pricing.php on line 97
[23-Feb-2022 10:11:21 UTC] PHP Stack trace:
[23-Feb-2022 10:11:21 UTC] PHP   1. {main}() /Users/chenyifan/Documents/homework/MTM6303/inclass-4/app/public/pricing.php:0
[23-Feb-2022 10:11:21 UTC] PHP Notice:  Trying to access array offset on value of type null in /Users/chenyifan/Documents/homework/MTM6303/inclass-4/app/public/pricing.php on line 97
[23-Feb-2022 10:11:21 UTC] PHP Stack trace:
[23-Feb-2022 10:11:21 UTC] PHP   1. {main}() /Users/chenyifan/Documents/homework/MTM6303/inclass-4/app/public/pricing.php:0
[23-Feb-2022 10:11:21 UTC] PHP Notice:  Undefined variable: price in /Users/chenyifan/Documents/homework/MTM6303/inclass-4/app/public/pricing.php on line 98
[23-Feb-2022 10:11:21 UTC] PHP Stack trace:
[23-Feb-2022 10:11:21 UTC] PHP   1. {main}() /Users/chenyifan/Documents/homework/MTM6303/inclass-4/app/public/pricing.php:0
[23-Feb-2022 10:11:21 UTC] PHP Notice:  Undefined variable: card_value in /Users/chenyifan/Documents/homework/MTM6303/inclass-4/app/public/pricing.php on line 102
[23-Feb-2022 10:11:21 UTC] PHP Stack trace:
[23-Feb-2022 10:11:21 UTC] PHP   1. {main}() /Users/chenyifan/Documents/homework/MTM6303/inclass-4/app/public/pricing.php:0
[23-Feb-2022 10:11:21 UTC] PHP Notice:  Trying to access array offset on value of type null in /Users/chenyifan/Documents/homework/MTM6303/inclass-4/app/public/pricing.php on line 102
[23-Feb-2022 10:11:21 UTC] PHP Stack trace:
[23-Feb-2022 10:11:21 UTC] PHP   1. {main}() /Users/chenyifan/Documents/homework/MTM6303/inclass-4/app/public/pricing.php:0
[23-Feb-2022 10:11:21 UTC] PHP Notice:  Undefined variable: card_value in /Users/chenyifan/Documents/homework/MTM6303/inclass-4/app/public/pricing.php on line 105
[23-Feb-2022 10:11:21 UTC] PHP Stack trace:
[23-Feb-2022 10:11:21 UTC] PHP   1. {main}() /Users/chenyifan/Documents/homework/MTM6303/inclass-4/app/public/pricing.php:0
[23-Feb-2022 10:11:21 UTC] PHP Notice:  Trying to access array offset on value of type null in /Users/chenyifan/Documents/homework/MTM6303/inclass-4/app/public/pricing.php on line 105
[23-Feb-2022 10:11:21 UTC] PHP Stack trace:
[23-Feb-2022 10:11:21 UTC] PHP   1. {main}() /Users/chenyifan/Documents/homework/MTM6303/inclass-4/app/public/pricing.php:0
[23-Feb-2022 10:12:05 UTC] PHP Notice:  Undefined variable: card_value in /Users/chenyifan/Documents/homework/MTM6303/inclass-4/app/public/pricing.php on line 69
[23-Feb-2022 10:12:05 UTC] PHP Stack trace:
[23-Feb-2022 10:12:05 UTC] PHP   1. {main}() /Users/chenyifan/Documents/homework/MTM6303/inclass-4/app/public/pricing.php:0
[23-Feb-2022 10:12:05 UTC] PHP Notice:  Trying to access array offset on value of type null in /Users/chenyifan/Documents/homework/MTM6303/inclass-4/app/public/pricing.php on line 69
[23-Feb-2022 10:12:05 UTC] PHP Stack trace:
[23-Feb-2022 10:12:05 UTC] PHP   1. {main}() /Users/chenyifan/Documents/homework/MTM6303/inclass-4/app/public/pricing.php:0
[23-Feb-2022 10:12:05 UTC] PHP Notice:  Undefined variable: card_key in /Users/chenyifan/Documents/homework/MTM6303/inclass-4/app/public/pricing.php on line 69
[23-Feb-2022 10:12:05 UTC] PHP Stack trace:
[23-Feb-2022 10:12:05 UTC] PHP   1. {main}() /Users/chenyifan/Documents/homework/MTM6303/inclass-4/app/public/pricing.php:0
[23-Feb-2022 10:12:05 UTC] PHP Notice:  Undefined variable: card_value in /Users/chenyifan/Documents/homework/MTM6303/inclass-4/app/public/pricing.php on line 70
[23-Feb-2022 10:12:05 UTC] PHP Stack trace:
[23-Feb-2022 10:12:05 UTC] PHP   1. {main}() /Users/chenyifan/Documents/homework/MTM6303/inclass-4/app/public/pricing.php:0
[23-Feb-2022 10:12:05 UTC] PHP Notice:  Trying to access array offset on value of type null in /Users/chenyifan/Documents/homework/MTM6303/inclass-4/app/public/pricing.php on line 70
[23-Feb-2022 10:12:05 UTC] PHP Stack trace:
[23-Feb-2022 10:12:05 UTC] PHP   1. {main}() /Users/chenyifan/Documents/homework/MTM6303/inclass-4/app/public/pricing.php:0
[23-Feb-2022 10:12:05 UTC] PHP Notice:  Undefined variable: price in /Users/chenyifan/Documents/homework/MTM6303/inclass-4/app/public/pricing.php on line 71
[23-Feb-2022 10:12:05 UTC] PHP Stack trace:
[23-Feb-2022 10:12:05 UTC] PHP   1. {main}() /Users/chenyifan/Documents/homework/MTM6303/inclass-4/app/public/pricing.php:0
[23-Feb-2022 10:12:05 UTC] PHP Notice:  Undefined variable: card_value in /Users/chenyifan/Documents/homework/MTM6303/inclass-4/app/public/pricing.php on line 75
[23-Feb-2022 10:12:05 UTC] PHP Stack trace:
[23-Feb-2022 10:12:05 UTC] PHP   1. {main}() /Users/chenyifan/Documents/homework/MTM6303/inclass-4/app/public/pricing.php:0
[23-Feb-2022 10:12:05 UTC] PHP Notice:  Trying to access array offset on value of type null in /Users/chenyifan/Documents/homework/MTM6303/inclass-4/app/public/pricing.php on line 75
[23-Feb-2022 10:12:05 UTC] PHP Stack trace:
[23-Feb-2022 10:12:05 UTC] PHP   1. {main}() /Users/chenyifan/Documents/homework/MTM6303/inclass-4/app/public/pricing.php:0
[23-Feb-2022 10:12:05 UTC] PHP Notice:  Undefined variable: card_value in /Users/chenyifan/Documents/homework/MTM6303/inclass-4/app/public/pricing.php on line 78
[23-Feb-2022 10:12:05 UTC] PHP Stack trace:
[23-Feb-2022 10:12:05 UTC] PHP   1. {main}() /Users/chenyifan/Documents/homework/MTM6303/inclass-4/app/public/pricing.php:0
[23-Feb-2022 10:12:05 UTC] PHP Notice:  Trying to access array offset on value of type null in /Users/chenyifan/Documents/homework/MTM6303/inclass-4/app/public/pricing.php on line 78
[23-Feb-2022 10:12:05 UTC] PHP Stack trace:
[23-Feb-2022 10:12:05 UTC] PHP   1. {main}() /Users/chenyifan/Documents/homework/MTM6303/inclass-4/app/public/pricing.php:0
[23-Feb-2022 10:12:05 UTC] PHP Notice:  Undefined variable: card_value in /Users/chenyifan/Documents/homework/MTM6303/inclass-4/app/public/pricing.php on line 83
[23-Feb-2022 10:12:05 UTC] PHP Stack trace:
[23-Feb-2022 10:12:05 UTC] PHP   1. {main}() /Users/chenyifan/Documents/homework/MTM6303/inclass-4/app/public/pricing.php:0
[23-Feb-2022 10:12:05 UTC] PHP Notice:  Trying to access array offset on value of type null in /Users/chenyifan/Documents/homework/MTM6303/inclass-4/app/public/pricing.php on line 83
[23-Feb-2022 10:12:05 UTC] PHP Stack trace:
[23-Feb-2022 10:12:05 UTC] PHP   1. {main}() /Users/chenyifan/Documents/homework/MTM6303/inclass-4/app/public/pricing.php:0
[23-Feb-2022 10:12:05 UTC] PHP Notice:  Undefined variable: card_key in /Users/chenyifan/Documents/homework/MTM6303/inclass-4/app/public/pricing.php on line 83
[23-Feb-2022 10:12:05 UTC] PHP Stack trace:
[23-Feb-2022 10:12:05 UTC] PHP   1. {main}() /Users/chenyifan/Documents/homework/MTM6303/inclass-4/app/public/pricing.php:0
[23-Feb-2022 10:12:05 UTC] PHP Notice:  Undefined variable: card_value in /Users/chenyifan/Documents/homework/MTM6303/inclass-4/app/public/pricing.php on line 84
[23-Feb-2022 10:12:05 UTC] PHP Stack trace:
[23-Feb-2022 10:12:05 UTC] PHP   1. {main}() /Users/chenyifan/Documents/homework/MTM6303/inclass-4/app/public/pricing.php:0
[23-Feb-2022 10:12:05 UTC] PHP Notice:  Trying to access array offset on value of type null in /Users/chenyifan/Documents/homework/MTM6303/inclass-4/app/public/pricing.php on line 84
[23-Feb-2022 10:12:05 UTC] PHP Stack trace:
[23-Feb-2022 10:12:05 UTC] PHP   1. {main}() /Users/chenyifan/Documents/homework/MTM6303/inclass-4/app/public/pricing.php:0
[23-Feb-2022 10:12:05 UTC] PHP Notice:  Undefined variable: price in /Users/chenyifan/Documents/homework/MTM6303/inclass-4/app/public/pricing.php on line 85
[23-Feb-2022 10:12:05 UTC] PHP Stack trace:
[23-Feb-2022 10:12:05 UTC] PHP   1. {main}() /Users/chenyifan/Documents/homework/MTM6303/inclass-4/app/public/pricing.php:0
[23-Feb-2022 10:12:05 UTC] PHP Notice:  Undefined variable: card_value in /Users/chenyifan/Documents/homework/MTM6303/inclass-4/app/public/pricing.php on line 89
[23-Feb-2022 10:12:05 UTC] PHP Stack trace:
[23-Feb-2022 10:12:05 UTC] PHP   1. {main}() /Users/chenyifan/Documents/homework/MTM6303/inclass-4/app/public/pricing.php:0
[23-Feb-2022 10:12:05 UTC] PHP Notice:  Trying to access array offset on value of type null in /Users/chenyifan/Documents/homework/MTM6303/inclass-4/app/public/pricing.php on line 89
[23-Feb-2022 10:12:05 UTC] PHP Stack trace:
[23-Feb-2022 10:12:05 UTC] PHP   1. {main}() /Users/chenyifan/Documents/homework/MTM6303/inclass-4/app/public/pricing.php:0
[23-Feb-2022 10:12:05 UTC] PHP Notice:  Undefined variable: card_value in /Users/chenyifan/Documents/homework/MTM6303/inclass-4/app/public/pricing.php on line 92
[23-Feb-2022 10:12:05 UTC] PHP Stack trace:
[23-Feb-2022 10:12:05 UTC] PHP   1. {main}() /Users/chenyifan/Documents/homework/MTM6303/inclass-4/app/public/pricing.php:0
[23-Feb-2022 10:12:05 UTC] PHP Notice:  Trying to access array offset on value of type null in /Users/chenyifan/Documents/homework/MTM6303/inclass-4/app/public/pricing.php on line 92
[23-Feb-2022 10:12:05 UTC] PHP Stack trace:
[23-Feb-2022 10:12:05 UTC] PHP   1. {main}() /Users/chenyifan/Documents/homework/MTM6303/inclass-4/app/public/pricing.php:0
[23-Feb-2022 10:12:05 UTC] PHP Notice:  Undefined variable: card_value in /Users/chenyifan/Documents/homework/MTM6303/inclass-4/app/public/pricing.php on line 96
[23-Feb-2022 10:12:05 UTC] PHP Stack trace:
[23-Feb-2022 10:12:05 UTC] PHP   1. {main}() /Users/chenyifan/Documents/homework/MTM6303/inclass-4/app/public/pricing.php:0
[23-Feb-2022 10:12:05 UTC] PHP Notice:  Trying to access array offset on value of type null in /Users/chenyifan/Documents/homework/MTM6303/inclass-4/app/public/pricing.php on line 96
[23-Feb-2022 10:12:05 UTC] PHP Stack trace:
[23-Feb-2022 10:12:05 UTC] PHP   1. {main}() /Users/chenyifan/Documents/homework/MTM6303/inclass-4/app/public/pricing.php:0
[23-Feb-2022 10:12:05 UTC] PHP Notice:  Undefined variable: card_key in /Users/chenyifan/Documents/homework/MTM6303/inclass-4/app/public/pricing.php on line 96
[23-Feb-2022 10:12:05 UTC] PHP Stack trace:
[23-Feb-2022 10:12:05 UTC] PHP   1. {main}() /Users/chenyifan/Documents/homework/MTM6303/inclass-4/app/public/pricing.php:0
[23-Feb-2022 10:12:05 UTC] PHP Notice:  Undefined variable: card_value in /Users/chenyifan/Documents/homework/MTM6303/inclass-4/app/public/pricing.php on line 97
[23-Feb-2022 10:12:05 UTC] PHP Stack trace:
[23-Feb-2022 10:12:05 UTC] PHP   1. {main}() /Users/chenyifan/Documents/homework/MTM6303/inclass-4/app/public/pricing.php:0
[23-Feb-2022 10:12:05 UTC] PHP Notice:  Trying to access array offset on value of type null in /Users/chenyifan/Documents/homework/MTM6303/inclass-4/app/public/pricing.php on line 97
[23-Feb-2022 10:12:05 UTC] PHP Stack trace:
[23-Feb-2022 10:12:05 UTC] PHP   1. {main}() /Users/chenyifan/Documents/homework/MTM6303/inclass-4/app/public/pricing.php:0
[23-Feb-2022 10:12:05 UTC] PHP Notice:  Undefined variable: price in /Users/chenyifan/Documents/homework/MTM6303/inclass-4/app/public/pricing.php on line 98
[23-Feb-2022 10:12:05 UTC] PHP Stack trace:
[23-Feb-2022 10:12:05 UTC] PHP   1. {main}() /Users/chenyifan/Documents/homework/MTM6303/inclass-4/app/public/pricing.php:0
[23-Feb-2022 10:12:05 UTC] PHP Notice:  Undefined variable: card_value in /Users/chenyifan/Documents/homework/MTM6303/inclass-4/app/public/pricing.php on line 102
[23-Feb-2022 10:12:05 UTC] PHP Stack trace:
[23-Feb-2022 10:12:05 UTC] PHP   1. {main}() /Users/chenyifan/Documents/homework/MTM6303/inclass-4/app/public/pricing.php:0
[23-Feb-2022 10:12:05 UTC] PHP Notice:  Trying to access array offset on value of type null in /Users/chenyifan/Documents/homework/MTM6303/inclass-4/app/public/pricing.php on line 102
[23-Feb-2022 10:12:05 UTC] PHP Stack trace:
[23-Feb-2022 10:12:05 UTC] PHP   1. {main}() /Users/chenyifan/Documents/homework/MTM6303/inclass-4/app/public/pricing.php:0
[23-Feb-2022 10:12:05 UTC] PHP Notice:  Undefined variable: card_value in /Users/chenyifan/Documents/homework/MTM6303/inclass-4/app/public/pricing.php on line 105
[23-Feb-2022 10:12:05 UTC] PHP Stack trace:
[23-Feb-2022 10:12:05 UTC] PHP   1. {main}() /Users/chenyifan/Documents/homework/MTM6303/inclass-4/app/public/pricing.php:0
[23-Feb-2022 10:12:05 UTC] PHP Notice:  Trying to access array offset on value of type null in /Users/chenyifan/Documents/homework/MTM6303/inclass-4/app/public/pricing.php on line 105
[23-Feb-2022 10:12:05 UTC] PHP Stack trace:
[23-Feb-2022 10:12:05 UTC] PHP   1. {main}() /Users/chenyifan/Documents/homework/MTM6303/inclass-4/app/public/pricing.php:0
[23-Feb-2022 10:12:05 UTC] PHP Notice:  Undefined variable: card_value in /Users/chenyifan/Documents/homework/MTM6303/inclass-4/app/public/pricing.php on line 69
[23-Feb-2022 10:12:05 UTC] PHP Stack trace:
[23-Feb-2022 10:12:05 UTC] PHP   1. {main}() /Users/chenyifan/Documents/homework/MTM6303/inclass-4/app/public/pricing.php:0
[23-Feb-2022 10:12:05 UTC] PHP Notice:  Trying to access array offset on value of type null in /Users/chenyifan/Documents/homework/MTM6303/inclass-4/app/public/pricing.php on line 69
[23-Feb-2022 10:12:05 UTC] PHP Stack trace:
[23-Feb-2022 10:12:05 UTC] PHP   1. {main}() /Users/chenyifan/Documents/homework/MTM6303/inclass-4/app/public/pricing.php:0
[23-Feb-2022 10:12:05 UTC] PHP Notice:  Undefined variable: card_key in /Users/chenyifan/Documents/homework/MTM6303/inclass-4/app/public/pricing.php on line 69
[23-Feb-2022 10:12:05 UTC] PHP Stack trace:
[23-Feb-2022 10:12:05 UTC] PHP   1. {main}() /Users/chenyifan/Documents/homework/MTM6303/inclass-4/app/public/pricing.php:0
[23-Feb-2022 10:12:05 UTC] PHP Notice:  Undefined variable: card_value in /Users/chenyifan/Documents/homework/MTM6303/inclass-4/app/public/pricing.php on line 70
[23-Feb-2022 10:12:05 UTC] PHP Stack trace:
[23-Feb-2022 10:12:05 UTC] PHP   1. {main}() /Users/chenyifan/Documents/homework/MTM6303/inclass-4/app/public/pricing.php:0
[23-Feb-2022 10:12:05 UTC] PHP Notice:  Trying to access array offset on value of type null in /Users/chenyifan/Documents/homework/MTM6303/inclass-4/app/public/pricing.php on line 70
[23-Feb-2022 10:12:05 UTC] PHP Stack trace:
[23-Feb-2022 10:12:05 UTC] PHP   1. {main}() /Users/chenyifan/Documents/homework/MTM6303/inclass-4/app/public/pricing.php:0
[23-Feb-2022 10:12:05 UTC] PHP Notice:  Undefined variable: price in /Users/chenyifan/Documents/homework/MTM6303/inclass-4/app/public/pricing.php on line 71
[23-Feb-2022 10:12:05 UTC] PHP Stack trace:
[23-Feb-2022 10:12:05 UTC] PHP   1. {main}() /Users/chenyifan/Documents/homework/MTM6303/inclass-4/app/public/pricing.php:0
[23-Feb-2022 10:12:05 UTC] PHP Notice:  Undefined variable: card_value in /Users/chenyifan/Documents/homework/MTM6303/inclass-4/app/public/pricing.php on line 75
[23-Feb-2022 10:12:05 UTC] PHP Stack trace:
[23-Feb-2022 10:12:05 UTC] PHP   1. {main}() /Users/chenyifan/Documents/homework/MTM6303/inclass-4/app/public/pricing.php:0
[23-Feb-2022 10:12:05 UTC] PHP Notice:  Trying to access array offset on value of type null in /Users/chenyifan/Documents/homework/MTM6303/inclass-4/app/public/pricing.php on line 75
[23-Feb-2022 10:12:05 UTC] PHP Stack trace:
[23-Feb-2022 10:12:05 UTC] PHP   1. {main}() /Users/chenyifan/Documents/homework/MTM6303/inclass-4/app/public/pricing.php:0
[23-Feb-2022 10:12:05 UTC] PHP Notice:  Undefined variable: card_value in /Users/chenyifan/Documents/homework/MTM6303/inclass-4/app/public/pricing.php on line 78
[23-Feb-2022 10:12:05 UTC] PHP Stack trace:
[23-Feb-2022 10:12:05 UTC] PHP   1. {main}() /Users/chenyifan/Documents/homework/MTM6303/inclass-4/app/public/pricing.php:0
[23-Feb-2022 10:12:05 UTC] PHP Notice:  Trying to access array offset on value of type null in /Users/chenyifan/Documents/homework/MTM6303/inclass-4/app/public/pricing.php on line 78
[23-Feb-2022 10:12:05 UTC] PHP Stack trace:
[23-Feb-2022 10:12:05 UTC] PHP   1. {main}() /Users/chenyifan/Documents/homework/MTM6303/inclass-4/app/public/pricing.php:0
[23-Feb-2022 10:12:05 UTC] PHP Notice:  Undefined variable: card_value in /Users/chenyifan/Documents/homework/MTM6303/inclass-4/app/public/pricing.php on line 83
[23-Feb-2022 10:12:05 UTC] PHP Stack trace:
[23-Feb-2022 10:12:05 UTC] PHP   1. {main}() /Users/chenyifan/Documents/homework/MTM6303/inclass-4/app/public/pricing.php:0
[23-Feb-2022 10:12:05 UTC] PHP Notice:  Trying to access array offset on value of type null in /Users/chenyifan/Documents/homework/MTM6303/inclass-4/app/public/pricing.php on line 83
[23-Feb-2022 10:12:05 UTC] PHP Stack trace:
[23-Feb-2022 10:12:05 UTC] PHP   1. {main}() /Users/chenyifan/Documents/homework/MTM6303/inclass-4/app/public/pricing.php:0
[23-Feb-2022 10:12:05 UTC] PHP Notice:  Undefined variable: card_key in /Users/chenyifan/Documents/homework/MTM6303/inclass-4/app/public/pricing.php on line 83
[23-Feb-2022 10:12:05 UTC] PHP Stack trace:
[23-Feb-2022 10:12:05 UTC] PHP   1. {main}() /Users/chenyifan/Documents/homework/MTM6303/inclass-4/app/public/pricing.php:0
[23-Feb-2022 10:12:05 UTC] PHP Notice:  Undefined variable: card_value in /Users/chenyifan/Documents/homework/MTM6303/inclass-4/app/public/pricing.php on line 84
[23-Feb-2022 10:12:05 UTC] PHP Stack trace:
[23-Feb-2022 10:12:05 UTC] PHP   1. {main}() /Users/chenyifan/Documents/homework/MTM6303/inclass-4/app/public/pricing.php:0
[23-Feb-2022 10:12:05 UTC] PHP Notice:  Trying to access array offset on value of type null in /Users/chenyifan/Documents/homework/MTM6303/inclass-4/app/public/pricing.php on line 84
[23-Feb-2022 10:12:05 UTC] PHP Stack trace:
[23-Feb-2022 10:12:05 UTC] PHP   1. {main}() /Users/chenyifan/Documents/homework/MTM6303/inclass-4/app/public/pricing.php:0
[23-Feb-2022 10:12:05 UTC] PHP Notice:  Undefined variable: price in /Users/chenyifan/Documents/homework/MTM6303/inclass-4/app/public/pricing.php on line 85
[23-Feb-2022 10:12:05 UTC] PHP Stack trace:
[23-Feb-2022 10:12:05 UTC] PHP   1. {main}() /Users/chenyifan/Documents/homework/MTM6303/inclass-4/app/public/pricing.php:0
[23-Feb-2022 10:12:05 UTC] PHP Notice:  Undefined variable: card_value in /Users/chenyifan/Documents/homework/MTM6303/inclass-4/app/public/pricing.php on line 89
[23-Feb-2022 10:12:05 UTC] PHP Stack trace:
[23-Feb-2022 10:12:05 UTC] PHP   1. {main}() /Users/chenyifan/Documents/homework/MTM6303/inclass-4/app/public/pricing.php:0
[23-Feb-2022 10:12:05 UTC] PHP Notice:  Trying to access array offset on value of type null in /Users/chenyifan/Documents/homework/MTM6303/inclass-4/app/public/pricing.php on line 89
[23-Feb-2022 10:12:05 UTC] PHP Stack trace:
[23-Feb-2022 10:12:05 UTC] PHP   1. {main}() /Users/chenyifan/Documents/homework/MTM6303/inclass-4/app/public/pricing.php:0
[23-Feb-2022 10:12:05 UTC] PHP Notice:  Undefined variable: card_value in /Users/chenyifan/Documents/homework/MTM6303/inclass-4/app/public/pricing.php on line 92
[23-Feb-2022 10:12:05 UTC] PHP Stack trace:
[23-Feb-2022 10:12:05 UTC] PHP   1. {main}() /Users/chenyifan/Documents/homework/MTM6303/inclass-4/app/public/pricing.php:0
[23-Feb-2022 10:12:05 UTC] PHP Notice:  Trying to access array offset on value of type null in /Users/chenyifan/Documents/homework/MTM6303/inclass-4/app/public/pricing.php on line 92
[23-Feb-2022 10:12:05 UTC] PHP Stack trace:
[23-Feb-2022 10:12:05 UTC] PHP   1. {main}() /Users/chenyifan/Documents/homework/MTM6303/inclass-4/app/public/pricing.php:0
[23-Feb-2022 10:12:05 UTC] PHP Notice:  Undefined variable: card_value in /Users/chenyifan/Documents/homework/MTM6303/inclass-4/app/public/pricing.php on line 96
[23-Feb-2022 10:12:05 UTC] PHP Stack trace:
[23-Feb-2022 10:12:05 UTC] PHP   1. {main}() /Users/chenyifan/Documents/homework/MTM6303/inclass-4/app/public/pricing.php:0
[23-Feb-2022 10:12:05 UTC] PHP Notice:  Trying to access array offset on value of type null in /Users/chenyifan/Documents/homework/MTM6303/inclass-4/app/public/pricing.php on line 96
[23-Feb-2022 10:12:05 UTC] PHP Stack trace:
[23-Feb-2022 10:12:05 UTC] PHP   1. {main}() /Users/chenyifan/Documents/homework/MTM6303/inclass-4/app/public/pricing.php:0
[23-Feb-2022 10:12:05 UTC] PHP Notice:  Undefined variable: card_key in /Users/chenyifan/Documents/homework/MTM6303/inclass-4/app/public/pricing.php on line 96
[23-Feb-2022 10:12:05 UTC] PHP Stack trace:
[23-Feb-2022 10:12:05 UTC] PHP   1. {main}() /Users/chenyifan/Documents/homework/MTM6303/inclass-4/app/public/pricing.php:0
[23-Feb-2022 10:12:05 UTC] PHP Notice:  Undefined variable: card_value in /Users/chenyifan/Documents/homework/MTM6303/inclass-4/app/public/pricing.php on line 97
[23-Feb-2022 10:12:05 UTC] PHP Stack trace:
[23-Feb-2022 10:12:05 UTC] PHP   1. {main}() /Users/chenyifan/Documents/homework/MTM6303/inclass-4/app/public/pricing.php:0
[23-Feb-2022 10:12:05 UTC] PHP Notice:  Trying to access array offset on value of type null in /Users/chenyifan/Documents/homework/MTM6303/inclass-4/app/public/pricing.php on line 97
[23-Feb-2022 10:12:05 UTC] PHP Stack trace:
[23-Feb-2022 10:12:05 UTC] PHP   1. {main}() /Users/chenyifan/Documents/homework/MTM6303/inclass-4/app/public/pricing.php:0
[23-Feb-2022 10:12:05 UTC] PHP Notice:  Undefined variable: price in /Users/chenyifan/Documents/homework/MTM6303/inclass-4/app/public/pricing.php on line 98
[23-Feb-2022 10:12:05 UTC] PHP Stack trace:
[23-Feb-2022 10:12:05 UTC] PHP   1. {main}() /Users/chenyifan/Documents/homework/MTM6303/inclass-4/app/public/pricing.php:0
[23-Feb-2022 10:12:05 UTC] PHP Notice:  Undefined variable: card_value in /Users/chenyifan/Documents/homework/MTM6303/inclass-4/app/public/pricing.php on line 102
[23-Feb-2022 10:12:05 UTC] PHP Stack trace:
[23-Feb-2022 10:12:05 UTC] PHP   1. {main}() /Users/chenyifan/Documents/homework/MTM6303/inclass-4/app/public/pricing.php:0
[23-Feb-2022 10:12:05 UTC] PHP Notice:  Trying to access array offset on value of type null in /Users/chenyifan/Documents/homework/MTM6303/inclass-4/app/public/pricing.php on line 102
[23-Feb-2022 10:12:05 UTC] PHP Stack trace:
[23-Feb-2022 10:12:05 UTC] PHP   1. {main}() /Users/chenyifan/Documents/homework/MTM6303/inclass-4/app/public/pricing.php:0
[23-Feb-2022 10:12:05 UTC] PHP Notice:  Undefined variable: card_value in /Users/chenyifan/Documents/homework/MTM6303/inclass-4/app/public/pricing.php on line 105
[23-Feb-2022 10:12:05 UTC] PHP Stack trace:
[23-Feb-2022 10:12:05 UTC] PHP   1. {main}() /Users/chenyifan/Documents/homework/MTM6303/inclass-4/app/public/pricing.php:0
[23-Feb-2022 10:12:05 UTC] PHP Notice:  Trying to access array offset on value of type null in /Users/chenyifan/Documents/homework/MTM6303/inclass-4/app/public/pricing.php on line 105
[23-Feb-2022 10:12:05 UTC] PHP Stack trace:
[23-Feb-2022 10:12:05 UTC] PHP   1. {main}() /Users/chenyifan/Documents/homework/MTM6303/inclass-4/app/public/pricing.php:0
[23-Feb-2022 10:12:05 UTC] PHP Notice:  Undefined variable: card_value in /Users/chenyifan/Documents/homework/MTM6303/inclass-4/app/public/pricing.php on line 69
[23-Feb-2022 10:12:05 UTC] PHP Stack trace:
[23-Feb-2022 10:12:05 UTC] PHP   1. {main}() /Users/chenyifan/Documents/homework/MTM6303/inclass-4/app/public/pricing.php:0
[23-Feb-2022 10:12:05 UTC] PHP Notice:  Trying to access array offset on value of type null in /Users/chenyifan/Documents/homework/MTM6303/inclass-4/app/public/pricing.php on line 69
[23-Feb-2022 10:12:05 UTC] PHP Stack trace:
[23-Feb-2022 10:12:05 UTC] PHP   1. {main}() /Users/chenyifan/Documents/homework/MTM6303/inclass-4/app/public/pricing.php:0
[23-Feb-2022 10:12:05 UTC] PHP Notice:  Undefined variable: card_key in /Users/chenyifan/Documents/homework/MTM6303/inclass-4/app/public/pricing.php on line 69
[23-Feb-2022 10:12:05 UTC] PHP Stack trace:
[23-Feb-2022 10:12:05 UTC] PHP   1. {main}() /Users/chenyifan/Documents/homework/MTM6303/inclass-4/app/public/pricing.php:0
[23-Feb-2022 10:12:05 UTC] PHP Notice:  Undefined variable: card_value in /Users/chenyifan/Documents/homework/MTM6303/inclass-4/app/public/pricing.php on line 70
[23-Feb-2022 10:12:05 UTC] PHP Stack trace:
[23-Feb-2022 10:12:05 UTC] PHP   1. {main}() /Users/chenyifan/Documents/homework/MTM6303/inclass-4/app/public/pricing.php:0
[23-Feb-2022 10:12:05 UTC] PHP Notice:  Trying to access array offset on value of type null in /Users/chenyifan/Documents/homework/MTM6303/inclass-4/app/public/pricing.php on line 70
[23-Feb-2022 10:12:05 UTC] PHP Stack trace:
[23-Feb-2022 10:12:05 UTC] PHP   1. {main}() /Users/chenyifan/Documents/homework/MTM6303/inclass-4/app/public/pricing.php:0
[23-Feb-2022 10:12:05 UTC] PHP Notice:  Undefined variable: price in /Users/chenyifan/Documents/homework/MTM6303/inclass-4/app/public/pricing.php on line 71
[23-Feb-2022 10:12:05 UTC] PHP Stack trace:
[23-Feb-2022 10:12:05 UTC] PHP   1. {main}() /Users/chenyifan/Documents/homework/MTM6303/inclass-4/app/public/pricing.php:0
[23-Feb-2022 10:12:05 UTC] PHP Notice:  Undefined variable: card_value in /Users/chenyifan/Documents/homework/MTM6303/inclass-4/app/public/pricing.php on line 75
[23-Feb-2022 10:12:05 UTC] PHP Stack trace:
[23-Feb-2022 10:12:05 UTC] PHP   1. {main}() /Users/chenyifan/Documents/homework/MTM6303/inclass-4/app/public/pricing.php:0
[23-Feb-2022 10:12:05 UTC] PHP Notice:  Trying to access array offset on value of type null in /Users/chenyifan/Documents/homework/MTM6303/inclass-4/app/public/pricing.php on line 75
[23-Feb-2022 10:12:05 UTC] PHP Stack trace:
[23-Feb-2022 10:12:05 UTC] PHP   1. {main}() /Users/chenyifan/Documents/homework/MTM6303/inclass-4/app/public/pricing.php:0
[23-Feb-2022 10:12:05 UTC] PHP Notice:  Undefined variable: card_value in /Users/chenyifan/Documents/homework/MTM6303/inclass-4/app/public/pricing.php on line 78
[23-Feb-2022 10:12:05 UTC] PHP Stack trace:
[23-Feb-2022 10:12:05 UTC] PHP   1. {main}() /Users/chenyifan/Documents/homework/MTM6303/inclass-4/app/public/pricing.php:0
[23-Feb-2022 10:12:05 UTC] PHP Notice:  Trying to access array offset on value of type null in /Users/chenyifan/Documents/homework/MTM6303/inclass-4/app/public/pricing.php on line 78
[23-Feb-2022 10:12:05 UTC] PHP Stack trace:
[23-Feb-2022 10:12:05 UTC] PHP   1. {main}() /Users/chenyifan/Documents/homework/MTM6303/inclass-4/app/public/pricing.php:0
[23-Feb-2022 10:12:05 UTC] PHP Notice:  Undefined variable: card_value in /Users/chenyifan/Documents/homework/MTM6303/inclass-4/app/public/pricing.php on line 83
[23-Feb-2022 10:12:05 UTC] PHP Stack trace:
[23-Feb-2022 10:12:05 UTC] PHP   1. {main}() /Users/chenyifan/Documents/homework/MTM6303/inclass-4/app/public/pricing.php:0
[23-Feb-2022 10:12:05 UTC] PHP Notice:  Trying to access array offset on value of type null in /Users/chenyifan/Documents/homework/MTM6303/inclass-4/app/public/pricing.php on line 83
[23-Feb-2022 10:12:05 UTC] PHP Stack trace:
[23-Feb-2022 10:12:05 UTC] PHP   1. {main}() /Users/chenyifan/Documents/homework/MTM6303/inclass-4/app/public/pricing.php:0
[23-Feb-2022 10:12:05 UTC] PHP Notice:  Undefined variable: card_key in /Users/chenyifan/Documents/homework/MTM6303/inclass-4/app/public/pricing.php on line 83
[23-Feb-2022 10:12:05 UTC] PHP Stack trace:
[23-Feb-2022 10:12:05 UTC] PHP   1. {main}() /Users/chenyifan/Documents/homework/MTM6303/inclass-4/app/public/pricing.php:0
[23-Feb-2022 10:12:05 UTC] PHP Notice:  Undefined variable: card_value in /Users/chenyifan/Documents/homework/MTM6303/inclass-4/app/public/pricing.php on line 84
[23-Feb-2022 10:12:05 UTC] PHP Stack trace:
[23-Feb-2022 10:12:05 UTC] PHP   1. {main}() /Users/chenyifan/Documents/homework/MTM6303/inclass-4/app/public/pricing.php:0
[23-Feb-2022 10:12:05 UTC] PHP Notice:  Trying to access array offset on value of type null in /Users/chenyifan/Documents/homework/MTM6303/inclass-4/app/public/pricing.php on line 84
[23-Feb-2022 10:12:05 UTC] PHP Stack trace:
[23-Feb-2022 10:12:05 UTC] PHP   1. {main}() /Users/chenyifan/Documents/homework/MTM6303/inclass-4/app/public/pricing.php:0
[23-Feb-2022 10:12:05 UTC] PHP Notice:  Undefined variable: price in /Users/chenyifan/Documents/homework/MTM6303/inclass-4/app/public/pricing.php on line 85
[23-Feb-2022 10:12:05 UTC] PHP Stack trace:
[23-Feb-2022 10:12:05 UTC] PHP   1. {main}() /Users/chenyifan/Documents/homework/MTM6303/inclass-4/app/public/pricing.php:0
[23-Feb-2022 10:12:05 UTC] PHP Notice:  Undefined variable: card_value in /Users/chenyifan/Documents/homework/MTM6303/inclass-4/app/public/pricing.php on line 89
[23-Feb-2022 10:12:05 UTC] PHP Stack trace:
[23-Feb-2022 10:12:05 UTC] PHP   1. {main}() /Users/chenyifan/Documents/homework/MTM6303/inclass-4/app/public/pricing.php:0
[23-Feb-2022 10:12:05 UTC] PHP Notice:  Trying to access array offset on value of type null in /Users/chenyifan/Documents/homework/MTM6303/inclass-4/app/public/pricing.php on line 89
[23-Feb-2022 10:12:05 UTC] PHP Stack trace:
[23-Feb-2022 10:12:05 UTC] PHP   1. {main}() /Users/chenyifan/Documents/homework/MTM6303/inclass-4/app/public/pricing.php:0
[23-Feb-2022 10:12:05 UTC] PHP Notice:  Undefined variable: card_value in /Users/chenyifan/Documents/homework/MTM6303/inclass-4/app/public/pricing.php on line 92
[23-Feb-2022 10:12:05 UTC] PHP Stack trace:
[23-Feb-2022 10:12:05 UTC] PHP   1. {main}() /Users/chenyifan/Documents/homework/MTM6303/inclass-4/app/public/pricing.php:0
[23-Feb-2022 10:12:05 UTC] PHP Notice:  Trying to access array offset on value of type null in /Users/chenyifan/Documents/homework/MTM6303/inclass-4/app/public/pricing.php on line 92
[23-Feb-2022 10:12:05 UTC] PHP Stack trace:
[23-Feb-2022 10:12:05 UTC] PHP   1. {main}() /Users/chenyifan/Documents/homework/MTM6303/inclass-4/app/public/pricing.php:0
[23-Feb-2022 10:12:05 UTC] PHP Notice:  Undefined variable: card_value in /Users/chenyifan/Documents/homework/MTM6303/inclass-4/app/public/pricing.php on line 96
[23-Feb-2022 10:12:05 UTC] PHP Stack trace:
[23-Feb-2022 10:12:05 UTC] PHP   1. {main}() /Users/chenyifan/Documents/homework/MTM6303/inclass-4/app/public/pricing.php:0
[23-Feb-2022 10:12:05 UTC] PHP Notice:  Trying to access array offset on value of type null in /Users/chenyifan/Documents/homework/MTM6303/inclass-4/app/public/pricing.php on line 96
[23-Feb-2022 10:12:05 UTC] PHP Stack trace:
[23-Feb-2022 10:12:05 UTC] PHP   1. {main}() /Users/chenyifan/Documents/homework/MTM6303/inclass-4/app/public/pricing.php:0
[23-Feb-2022 10:12:05 UTC] PHP Notice:  Undefined variable: card_key in /Users/chenyifan/Documents/homework/MTM6303/inclass-4/app/public/pricing.php on line 96
[23-Feb-2022 10:12:05 UTC] PHP Stack trace:
[23-Feb-2022 10:12:05 UTC] PHP   1. {main}() /Users/chenyifan/Documents/homework/MTM6303/inclass-4/app/public/pricing.php:0
[23-Feb-2022 10:12:05 UTC] PHP Notice:  Undefined variable: card_value in /Users/chenyifan/Documents/homework/MTM6303/inclass-4/app/public/pricing.php on line 97
[23-Feb-2022 10:12:05 UTC] PHP Stack trace:
[23-Feb-2022 10:12:05 UTC] PHP   1. {main}() /Users/chenyifan/Documents/homework/MTM6303/inclass-4/app/public/pricing.php:0
[23-Feb-2022 10:12:05 UTC] PHP Notice:  Trying to access array offset on value of type null in /Users/chenyifan/Documents/homework/MTM6303/inclass-4/app/public/pricing.php on line 97
[23-Feb-2022 10:12:05 UTC] PHP Stack trace:
[23-Feb-2022 10:12:05 UTC] PHP   1. {main}() /Users/chenyifan/Documents/homework/MTM6303/inclass-4/app/public/pricing.php:0
[23-Feb-2022 10:12:05 UTC] PHP Notice:  Undefined variable: price in /Users/chenyifan/Documents/homework/MTM6303/inclass-4/app/public/pricing.php on line 98
[23-Feb-2022 10:12:05 UTC] PHP Stack trace:
[23-Feb-2022 10:12:05 UTC] PHP   1. {main}() /Users/chenyifan/Documents/homework/MTM6303/inclass-4/app/public/pricing.php:0
[23-Feb-2022 10:12:05 UTC] PHP Notice:  Undefined variable: card_value in /Users/chenyifan/Documents/homework/MTM6303/inclass-4/app/public/pricing.php on line 102
[23-Feb-2022 10:12:05 UTC] PHP Stack trace:
[23-Feb-2022 10:12:05 UTC] PHP   1. {main}() /Users/chenyifan/Documents/homework/MTM6303/inclass-4/app/public/pricing.php:0
[23-Feb-2022 10:12:05 UTC] PHP Notice:  Trying to access array offset on value of type null in /Users/chenyifan/Documents/homework/MTM6303/inclass-4/app/public/pricing.php on line 102
[23-Feb-2022 10:12:05 UTC] PHP Stack trace:
[23-Feb-2022 10:12:05 UTC] PHP   1. {main}() /Users/chenyifan/Documents/homework/MTM6303/inclass-4/app/public/pricing.php:0
[23-Feb-2022 10:12:05 UTC] PHP Notice:  Undefined variable: card_value in /Users/chenyifan/Documents/homework/MTM6303/inclass-4/app/public/pricing.php on line 105
[23-Feb-2022 10:12:05 UTC] PHP Stack trace:
[23-Feb-2022 10:12:05 UTC] PHP   1. {main}() /Users/chenyifan/Documents/homework/MTM6303/inclass-4/app/public/pricing.php:0
[23-Feb-2022 10:12:05 UTC] PHP Notice:  Trying to access array offset on value of type null in /Users/chenyifan/Documents/homework/MTM6303/inclass-4/app/public/pricing.php on line 105
[23-Feb-2022 10:12:05 UTC] PHP Stack trace:
[23-Feb-2022 10:12:05 UTC] PHP   1. {main}() /Users/chenyifan/Documents/homework/MTM6303/inclass-4/app/public/pricing.php:0
